#
# A fatal error has been detected by the Java Runtime Environment:
#
#  EXCEPTION_ACCESS_VIOLATION (0xc0000005) at pc=0x00007ff860306997, pid=10484, tid=17868
#
# JRE version: Java(TM) SE Runtime Environment (16.0.2+7) (build 16.0.2+7-67)
# Java VM: Java HotSpot(TM) 64-Bit Server VM (16.0.2+7-67, mixed mode, sharing, tiered, compressed oops, compressed class ptrs, g1 gc, windows-amd64)
# Problematic frame:
# C  [glass.dll+0x26997]
#
# No core dump will be written. Minidumps are not enabled by default on client versions of Windows
#
# If you would like to submit a bug report, please visit:
#   https://bugreport.java.com/bugreport/crash.jsp
#

---------------  S U M M A R Y ------------

Command Line: -javaagent:D:\IntelliJ IDEA Community Edition 2021.2.3\lib\idea_rt.jar=65094:D:\IntelliJ IDEA Community Edition 2021.2.3\bin -Dfile.encoding=UTF-8 --module-path=C:\Users\Кирилл\.m2\repository\org\openjfx\javafx-controls\16\javafx-controls-16-win.jar;C:\Users\Кирилл\demo1\target\classes;C:\Users\Кирилл\.m2\repository\org\openjfx\javafx-base\16\javafx-base-16-win.jar;C:\Users\Кирилл\.m2\repository\org\openjfx\javafx-graphics\16\javafx-graphics-16-win.jar;C:\Users\Кирилл\.m2\repository\org\openjfx\javafx-fxml\16\javafx-fxml-16-win.jar -Djdk.module.main=com.example.demo1 com.example.demo1/com.example.demo1.HelloApplication

Host: Intel(R) Core(TM) i7-10700K CPU @ 3.80GHz, 16 cores, 15G,  Windows 10 , 64 bit Build 19041 (10.0.19041.1645)
Time: Tue Apr 19 19:13:41 2022 RTZ 2 (s 10 , 64 bit Build 19041 (10.0.19041.1645) elapsed time: 277.115992 seconds (0d 0h 4m 37s)

---------------  T H R E A D  ---------------

Current thread (0x0000025e23e498d0):  VMThread "VM Thread" [stack: 0x000000b34ee00000,0x000000b34ef00000] [id=17868]

Stack: [0x000000b34ee00000,0x000000b34ef00000],  sp=0x000000b34eefeea0,  free space=1019k
Native frames: (J=compiled Java code, j=interpreted, Vv=VM code, C=native code)
C  [glass.dll+0x26997]


siginfo: EXCEPTION_ACCESS_VIOLATION (0xc0000005), reading address 0x0000000000000000


Register to memory mapping:

RIP=0x00007ff860306997 glass.dll
RAX=0x0 is NULL
RBX=0x0000025e23e51d60 is a global jni handle
RCX=0x0000025e23e498d0 points into unknown readable memory: 0x00007ff84083f638 | 38 f6 83 40 f8 7f 00 00
RDX=0x000000b34eefeea0 points into unknown readable memory: 0x0000000000000000 | 00 00 00 00 00 00 00 00
RSP=0x000000b34eefeea0 points into unknown readable memory: 0x0000000000000000 | 00 00 00 00 00 00 00 00
RBP=0x0000025e25462888 points into unknown readable memory: 0x00002003d9adbbab | ab bb ad d9 03 20 00 00
RSI=0x0000025e25462860 points into unknown readable memory: 0x81ea4003da5278aa | aa 78 52 da 03 40 ea 81
RDI=0x00002003d9adbbab is an unknown value
R8 =0x0000000000010002 is an unknown value
R9 =0x00002003d9adbbab is an unknown value
R10=0x0000000000008000 is an unknown value
R11=0x000000b34eefee30 points into unknown readable memory: 0x0000025e25462860 | 60 28 46 25 5e 02 00 00
R12=0x00007ff860304234 glass.dll
R13=0x0000025e79af0a60 points into unknown readable memory: 0x8000000900000001 | 01 00 00 00 09 00 00 80
R14=0x000000b34eefef98 points into unknown readable memory: 0x000000b34eefef80 | 80 ef ef 4e b3 00 00 00
R15=0x0000025e25462860 points into unknown readable memory: 0x81ea4003da5278aa | aa 78 52 da 03 40 ea 81


Registers:
RAX=0x0000000000000000, RBX=0x0000025e23e51d60, RCX=0x0000025e23e498d0, RDX=0x000000b34eefeea0
RSP=0x000000b34eefeea0, RBP=0x0000025e25462888, RSI=0x0000025e25462860, RDI=0x00002003d9adbbab
R8 =0x0000000000010002, R9 =0x00002003d9adbbab, R10=0x0000000000008000, R11=0x000000b34eefee30
R12=0x00007ff860304234, R13=0x0000025e79af0a60, R14=0x000000b34eefef98, R15=0x0000025e25462860
RIP=0x00007ff860306997, EFLAGS=0x0000000000010202

Top of Stack: (sp=0x000000b34eefeea0)
0x000000b34eefeea0:   0000000000000000 0000025e25462860
0x000000b34eefeeb0:   0000025e79af0a60 00007ff860304234
0x000000b34eefeec0:   0000025e25462868 00007ff8ae6142d6
0x000000b34eefeed0:   00002003d9adbbab 0000025e00000000
0x000000b34eefeee0:   0000025e25462888 0000025e25462860
0x000000b34eefeef0:   fffffffffffffffe 0000000000000000
0x000000b34eefef00:   0000000000000001 00007ff8602e0000
0x000000b34eefef10:   000000b34eefef88 00007ff8ae6141fb
0x000000b34eefef20:   0000000000000000 000000b34eefef98
0x000000b34eefef30:   000000b34eeff260 00007ff8ae6f0e40
0x000000b34eefef40:   0000000000000001 00007ff8ae6141b4
0x000000b34eefef50:   0000000000000000 0000000000000001
0x000000b34eefef60:   0000000000000000 000000b34eefef88
0x000000b34eefef70:   0000000000000001 00007ff8603040c1
0x000000b34eefef80:   00007ff86031a128 00007ff800000002
0x000000b34eefef90:   0000000000000002 000000b34eefef80 

Instructions: (pc=0x00007ff860306997)
0x00007ff860306897:   8b 4d 58 e8 d1 ce ff ff 48 8b 4d 60 e8 c8 ce ff
0x00007ff8603068a7:   ff 48 8b 95 80 00 00 00 48 8b 8d 18 01 00 00 e8
0x00007ff8603068b7:   96 c3 ff ff 33 d2 33 c9 e8 12 e1 ff ff 90 48 89
0x00007ff8603068c7:   54 24 10 55 48 83 ec 20 48 8b ea 48 b8 00 00 00
0x00007ff8603068d7:   00 00 00 00 00 48 83 c4 20 5d c3 cc 40 55 48 8b
0x00007ff8603068e7:   ea 48 8b 01 33 c9 81 38 05 00 00 c0 0f 94 c1 8b
0x00007ff8603068f7:   c1 5d c3 cc 40 55 48 83 ec 20 48 8b ea 8a 4d 40
0x00007ff860306907:   48 83 c4 20 5d e9 c7 d2 ff ff cc 40 55 48 83 ec
0x00007ff860306917:   20 48 8b ea 8a 4d 20 e8 b5 d2 ff ff 90 48 83 c4
0x00007ff860306927:   20 5d c3 cc 40 55 48 83 ec 20 48 8b ea 48 83 c4
0x00007ff860306937:   20 5d e9 16 d1 ff ff cc 40 55 48 83 ec 30 48 8b
0x00007ff860306947:   ea 48 8b 01 8b 10 48 89 4c 24 28 89 54 24 20 4c
0x00007ff860306957:   8d 0d b7 d5 ff ff 4c 8b 45 70 8b 55 68 48 8b 4d
0x00007ff860306967:   60 e8 57 d0 ff ff 90 48 83 c4 30 5d c3 cc cc cc
0x00007ff860306977:   cc cc cc cc cc cc cc cc cc 40 53 48 83 ec 20 48
0x00007ff860306987:   8b 1d 93 31 01 00 48 85 db 74 16 e8 29 8b ff ff
0x00007ff860306997:   4c 8b 00 48 8b d3 48 8b c8 41 ff 90 b0 00 00 00
0x00007ff8603069a7:   90 48 83 c4 20 5b c3 cc cc 40 53 48 83 ec 20 48
0x00007ff8603069b7:   8b 1d 0b 33 01 00 48 85 db 74 57 b8 ff ff ff ff
0x00007ff8603069c7:   f0 0f c1 43 10 83 f8 01 75 3d 48 85 db 74 38 48
0x00007ff8603069d7:   8b 0b 48 85 c9 74 0d ff 15 c4 08 00 00 48 c7 03
0x00007ff8603069e7:   00 00 00 00 48 8b 4b 08 48 85 c9 74 0d e8 77 cd
0x00007ff8603069f7:   ff ff 48 c7 43 08 00 00 00 00 ba 18 00 00 00 48
0x00007ff860306a07:   8b cb e8 62 cd ff ff 48 c7 05 af 32 01 00 00 00
0x00007ff860306a17:   00 00 48 83 c4 20 5b c3 cc 40 53 48 83 ec 20 48
0x00007ff860306a27:   8b 1d 7b 32 01 00 48 85 db 74 57 b8 ff ff ff ff
0x00007ff860306a37:   f0 0f c1 43 10 83 f8 01 75 3d 48 85 db 74 38 48
0x00007ff860306a47:   8b 0b 48 85 c9 74 0d ff 15 54 08 00 00 48 c7 03
0x00007ff860306a57:   00 00 00 00 48 8b 4b 08 48 85 c9 74 0d e8 07 cd
0x00007ff860306a67:   ff ff 48 c7 43 08 00 00 00 00 ba 18 00 00 00 48
0x00007ff860306a77:   8b cb e8 f2 cc ff ff 48 c7 05 1f 32 01 00 00 00
0x00007ff860306a87:   00 00 48 83 c4 20 5b c3 cc 40 53 48 83 ec 20 48 


Stack slot to memory mapping:
stack at sp + 0 slots: 0x0 is NULL
stack at sp + 1 slots: 0x0000025e25462860 points into unknown readable memory: 0x81ea4003da5278aa | aa 78 52 da 03 40 ea 81
stack at sp + 2 slots: 0x0000025e79af0a60 points into unknown readable memory: 0x8000000900000001 | 01 00 00 00 09 00 00 80
stack at sp + 3 slots: 0x00007ff860304234 glass.dll
stack at sp + 4 slots: 0x0000025e25462868 points into unknown readable memory: 0x00002003d9adbbab | ab bb ad d9 03 20 00 00
stack at sp + 5 slots: 0x00007ff8ae6142d6 ucrtbase.dll
stack at sp + 6 slots: 0x00002003d9adbbab is an unknown value
stack at sp + 7 slots: 0x0000025e00000000 is an unknown value

VM_Operation (0x000000b34e5fed10): Exit, mode: safepoint, requested by thread 0x0000025e24cd8500


---------------  P R O C E S S  ---------------

Threads class SMR info:
_java_thread_list=0x0000025e31180930, length=20, elements={
0x0000025e79a8b490, 0x0000025e23e4e520, 0x0000025e23e4f3e0, 0x0000025e23e66720,
0x0000025e23e67120, 0x0000025e23e6d030, 0x0000025e23e6de10, 0x0000025e23e6e900,
0x0000025e24844820, 0x0000025e23e2e420, 0x0000025e252b0f20, 0x0000025e2496be80,
0x0000025e25072c80, 0x0000025e25469ba0, 0x0000025e2547f0d0, 0x0000025e24ce9ce0,
0x0000025e24ce8cf0, 0x0000025e24ce9790, 0x0000025e24ceb220, 0x0000025e24cd8500
}

Java Threads: ( => current thread )
  0x0000025e79a8b490 JavaThread "main" [_thread_blocked, id=1588, stack(0x000000b34e800000,0x000000b34e900000)]
  0x0000025e23e4e520 JavaThread "Reference Handler" daemon [_thread_blocked, id=18784, stack(0x000000b34ef00000,0x000000b34f000000)]
  0x0000025e23e4f3e0 JavaThread "Finalizer" daemon [_thread_blocked, id=19360, stack(0x000000b34f000000,0x000000b34f100000)]
  0x0000025e23e66720 JavaThread "Attach Listener" daemon [_thread_blocked, id=18128, stack(0x000000b34f200000,0x000000b34f300000)]
  0x0000025e23e67120 JavaThread "Service Thread" daemon [_thread_blocked, id=10208, stack(0x000000b34f300000,0x000000b34f400000)]
  0x0000025e23e6d030 JavaThread "Monitor Deflation Thread" daemon [_thread_blocked, id=19932, stack(0x000000b34f400000,0x000000b34f500000)]
  0x0000025e23e6de10 JavaThread "C2 CompilerThread0" daemon [_thread_blocked, id=12460, stack(0x000000b34f500000,0x000000b34f600000)]
  0x0000025e23e6e900 JavaThread "C1 CompilerThread0" daemon [_thread_blocked, id=14688, stack(0x000000b34f600000,0x000000b34f700000)]
  0x0000025e24844820 JavaThread "Sweeper thread" daemon [_thread_blocked, id=11692, stack(0x000000b34f700000,0x000000b34f800000)]
  0x0000025e23e2e420 JavaThread "Common-Cleaner" daemon [_thread_blocked, id=13548, stack(0x000000b34f800000,0x000000b34f900000)]
  0x0000025e252b0f20 JavaThread "Monitor Ctrl-Break" daemon [_thread_in_native, id=16576, stack(0x000000b34ff00000,0x000000b350000000)]
  0x0000025e2496be80 JavaThread "Notification Thread" daemon [_thread_blocked, id=9892, stack(0x000000b350000000,0x000000b350100000)]
  0x0000025e25072c80 JavaThread "QuantumRenderer-0" daemon [_thread_blocked, id=21300, stack(0x000000b350200000,0x000000b350300000)]
  0x0000025e25469ba0 JavaThread "InvokeLaterDispatcher" daemon [_thread_blocked, id=19960, stack(0x000000b34fe00000,0x000000b34ff00000)]
  0x0000025e2547f0d0 JavaThread "JavaFX Application Thread" [_thread_in_native, id=8980, stack(0x000000b350400000,0x000000b350500000)]
  0x0000025e24ce9ce0 JavaThread "JavaFX-Launcher" [_thread_blocked, id=11292, stack(0x000000b34fd00000,0x000000b34fe00000)]
  0x0000025e24ce8cf0 JavaThread "Thread-2" daemon [_thread_in_native, id=3284, stack(0x000000b34fc00000,0x000000b34fd00000)]
  0x0000025e24ce9790 JavaThread "Prism Font Disposer" daemon [_thread_blocked, id=18688, stack(0x000000b350f10000,0x000000b351010000)]
  0x0000025e24ceb220 JavaThread "Cleaner-0" daemon [_thread_blocked, id=4432, stack(0x000000b351190000,0x000000b351290000)]
  0x0000025e24cd8500 JavaThread "SIGINT handler" daemon [_thread_blocked, id=4276, stack(0x000000b34e500000,0x000000b34e600000)]

Other Threads:
=>0x0000025e23e498d0 VMThread "VM Thread" [stack: 0x000000b34ee00000,0x000000b34ef00000] [id=17868]
  0x0000025e79adc170 GCTaskThread "GC Thread#0" [stack: 0x000000b34e900000,0x000000b34ea00000] [id=20512]
  0x0000025e25952280 GCTaskThread "GC Thread#1" [stack: 0x000000b350610000,0x000000b350710000] [id=5788]
  0x0000025e25951950 GCTaskThread "GC Thread#2" [stack: 0x000000b350710000,0x000000b350810000] [id=19236]
  0x0000025e25954120 GCTaskThread "GC Thread#3" [stack: 0x000000b350810000,0x000000b350910000] [id=6192]
  0x0000025e25951c60 GCTaskThread "GC Thread#4" [stack: 0x000000b350910000,0x000000b350a10000] [id=5776]
  0x0000025e25951330 GCTaskThread "GC Thread#5" [stack: 0x000000b350a10000,0x000000b350b10000] [id=12580]
  0x0000025e25c067a0 GCTaskThread "GC Thread#6" [stack: 0x000000b3512a0000,0x000000b3513a0000] [id=8536]
  0x0000025e25c073e0 GCTaskThread "GC Thread#7" [stack: 0x000000b3513a0000,0x000000b3514a0000] [id=3788]
  0x0000025e25c076f0 GCTaskThread "GC Thread#8" [stack: 0x000000b3514a0000,0x000000b3515a0000] [id=19884]
  0x0000025e25c03fd0 GCTaskThread "GC Thread#9" [stack: 0x000000b3515a0000,0x000000b3516a0000] [id=19272]
  0x0000025e25c04900 GCTaskThread "GC Thread#10" [stack: 0x000000b3516a0000,0x000000b3517a0000] [id=8268]
  0x0000025e25954740 GCTaskThread "GC Thread#11" [stack: 0x000000b3517a0000,0x000000b3518a0000] [id=19172]
  0x0000025e79aee010 ConcurrentGCThread "G1 Main Marker" terminated
  0x0000025e79aef220 ConcurrentGCThread "G1 Conc#0" [stack: 0x000000b34eb00000,0x000000b34ec00000] [id=7352]
  0x0000025e23cfa110 ConcurrentGCThread "G1 Refine#0" terminated
  0x0000025e23cfaaa0 ConcurrentGCThread "G1 Service" terminated

Threads with active compile tasks:
C1 CompilerThread0  
[error occurred during error reporting (printing all threads), id 0xc0000005, EXCEPTION_ACCESS_VIOLATION (0xc0000005) at pc=0x00007ff84065b5c3]

VM state: at safepoint (shutting down)

VM Mutex/Monitor currently owned by a thread:  ([mutex/lock_event])
[0x0000025e79a87d50] Threads_lock - owner thread: 0x0000025e23e498d0
[0x0000025e79a87de0] Heap_lock - owner thread: 0x0000025e24cd8500

Heap address: 0x0000000701a00000, size: 4070 MB, Compressed Oops mode: Zero based, Oop shift amount: 3

CDS archive(s) mapped at: [0x0000000800000000-0x0000000800bb0000-0x0000000800bb0000), size 12255232, SharedBaseAddress: 0x0000000800000000, ArchiveRelocationMode: 0.
Compressed class space mapped at: 0x0000000800c00000-0x0000000840c00000, reserved size: 1073741824
Narrow klass base: 0x0000000800000000, Narrow klass shift: 3, Narrow klass range: 0x100000000

GC Precious Log:
 CPUs: 16 total, 16 available
 Memory: 16273M
 Large Page Support: Disabled
 NUMA Support: Disabled
 Compressed Oops: Enabled (Zero based)
 Heap Region Size: 2M
 Heap Min Capacity: 8M
 Heap Initial Capacity: 256M
 Heap Max Capacity: 4070M
 Pre-touch: Disabled
 Parallel Workers: 13
 Concurrent Workers: 3
 Concurrent Refinement Workers: 13
 Periodic GC: Disabled

Heap:
 garbage-first heap   total 262144K, used 33802K [0x0000000701a00000, 0x0000000800000000)
  region size 2048K, 16 young (32768K), 3 survivors (6144K)
 Metaspace       used 16675K, committed 16896K, reserved 1064960K
  class space    used 2173K, committed 2304K, reserved 1048576K

Heap Regions: E=young(eden), S=young(survivor), O=old, HS=humongous(starts), HC=humongous(continues), CS=collection set, F=free, OA=open archive, CA=closed archive, TAMS=top-at-mark-start (previous, next)
|   0|0x0000000701a00000, 0x0000000701c00000, 0x0000000701c00000|100%|HS|  |TAMS 0x0000000701a00000, 0x0000000701a00000| Complete 
|   1|0x0000000701c00000, 0x0000000701d02800, 0x0000000701e00000| 50%| O|  |TAMS 0x0000000701c00000, 0x0000000701c00000| Untracked 
|   2|0x0000000701e00000, 0x0000000701e00000, 0x0000000702000000|  0%| F|  |TAMS 0x0000000701e00000, 0x0000000701e00000| Untracked 
|   3|0x0000000702000000, 0x0000000702000000, 0x0000000702200000|  0%| F|  |TAMS 0x0000000702000000, 0x0000000702000000| Untracked 
|   4|0x0000000702200000, 0x0000000702200000, 0x0000000702400000|  0%| F|  |TAMS 0x0000000702200000, 0x0000000702200000| Untracked 
|   5|0x0000000702400000, 0x0000000702400000, 0x0000000702600000|  0%| F|  |TAMS 0x0000000702400000, 0x0000000702400000| Untracked 
|   6|0x0000000702600000, 0x0000000702600000, 0x0000000702800000|  0%| F|  |TAMS 0x0000000702600000, 0x0000000702600000| Untracked 
|   7|0x0000000702800000, 0x0000000702800000, 0x0000000702a00000|  0%| F|  |TAMS 0x0000000702800000, 0x0000000702800000| Untracked 
|   8|0x0000000702a00000, 0x0000000702a00000, 0x0000000702c00000|  0%| F|  |TAMS 0x0000000702a00000, 0x0000000702a00000| Untracked 
|   9|0x0000000702c00000, 0x0000000702c00000, 0x0000000702e00000|  0%| F|  |TAMS 0x0000000702c00000, 0x0000000702c00000| Untracked 
|  10|0x0000000702e00000, 0x0000000702e00000, 0x0000000703000000|  0%| F|  |TAMS 0x0000000702e00000, 0x0000000702e00000| Untracked 
|  11|0x0000000703000000, 0x0000000703000000, 0x0000000703200000|  0%| F|  |TAMS 0x0000000703000000, 0x0000000703000000| Untracked 
|  12|0x0000000703200000, 0x0000000703200000, 0x0000000703400000|  0%| F|  |TAMS 0x0000000703200000, 0x0000000703200000| Untracked 
|  13|0x0000000703400000, 0x0000000703400000, 0x0000000703600000|  0%| F|  |TAMS 0x0000000703400000, 0x0000000703400000| Untracked 
|  14|0x0000000703600000, 0x0000000703600000, 0x0000000703800000|  0%| F|  |TAMS 0x0000000703600000, 0x0000000703600000| Untracked 
|  15|0x0000000703800000, 0x0000000703800000, 0x0000000703a00000|  0%| F|  |TAMS 0x0000000703800000, 0x0000000703800000| Untracked 
|  16|0x0000000703a00000, 0x0000000703a00000, 0x0000000703c00000|  0%| F|  |TAMS 0x0000000703a00000, 0x0000000703a00000| Untracked 
|  17|0x0000000703c00000, 0x0000000703c00000, 0x0000000703e00000|  0%| F|  |TAMS 0x0000000703c00000, 0x0000000703c00000| Untracked 
|  18|0x0000000703e00000, 0x0000000703e00000, 0x0000000704000000|  0%| F|  |TAMS 0x0000000703e00000, 0x0000000703e00000| Untracked 
|  19|0x0000000704000000, 0x0000000704000000, 0x0000000704200000|  0%| F|  |TAMS 0x0000000704000000, 0x0000000704000000| Untracked 
|  20|0x0000000704200000, 0x0000000704200000, 0x0000000704400000|  0%| F|  |TAMS 0x0000000704200000, 0x0000000704200000| Untracked 
|  21|0x0000000704400000, 0x0000000704400000, 0x0000000704600000|  0%| F|  |TAMS 0x0000000704400000, 0x0000000704400000| Untracked 
|  22|0x0000000704600000, 0x0000000704600000, 0x0000000704800000|  0%| F|  |TAMS 0x0000000704600000, 0x0000000704600000| Untracked 
|  23|0x0000000704800000, 0x0000000704800000, 0x0000000704a00000|  0%| F|  |TAMS 0x0000000704800000, 0x0000000704800000| Untracked 
|  24|0x0000000704a00000, 0x0000000704a00000, 0x0000000704c00000|  0%| F|  |TAMS 0x0000000704a00000, 0x0000000704a00000| Untracked 
|  25|0x0000000704c00000, 0x0000000704c00000, 0x0000000704e00000|  0%| F|  |TAMS 0x0000000704c00000, 0x0000000704c00000| Untracked 
|  26|0x0000000704e00000, 0x0000000704e00000, 0x0000000705000000|  0%| F|  |TAMS 0x0000000704e00000, 0x0000000704e00000| Untracked 
|  27|0x0000000705000000, 0x0000000705000000, 0x0000000705200000|  0%| F|  |TAMS 0x0000000705000000, 0x0000000705000000| Untracked 
|  28|0x0000000705200000, 0x0000000705200000, 0x0000000705400000|  0%| F|  |TAMS 0x0000000705200000, 0x0000000705200000| Untracked 
|  29|0x0000000705400000, 0x0000000705400000, 0x0000000705600000|  0%| F|  |TAMS 0x0000000705400000, 0x0000000705400000| Untracked 
|  30|0x0000000705600000, 0x0000000705600000, 0x0000000705800000|  0%| F|  |TAMS 0x0000000705600000, 0x0000000705600000| Untracked 
|  31|0x0000000705800000, 0x0000000705800000, 0x0000000705a00000|  0%| F|  |TAMS 0x0000000705800000, 0x0000000705800000| Untracked 
|  32|0x0000000705a00000, 0x0000000705a00000, 0x0000000705c00000|  0%| F|  |TAMS 0x0000000705a00000, 0x0000000705a00000| Untracked 
|  33|0x0000000705c00000, 0x0000000705c00000, 0x0000000705e00000|  0%| F|  |TAMS 0x0000000705c00000, 0x0000000705c00000| Untracked 
|  34|0x0000000705e00000, 0x0000000705e00000, 0x0000000706000000|  0%| F|  |TAMS 0x0000000705e00000, 0x0000000705e00000| Untracked 
|  35|0x0000000706000000, 0x0000000706000000, 0x0000000706200000|  0%| F|  |TAMS 0x0000000706000000, 0x0000000706000000| Untracked 
|  36|0x0000000706200000, 0x0000000706200000, 0x0000000706400000|  0%| F|  |TAMS 0x0000000706200000, 0x0000000706200000| Untracked 
|  37|0x0000000706400000, 0x0000000706400000, 0x0000000706600000|  0%| F|  |TAMS 0x0000000706400000, 0x0000000706400000| Untracked 
|  38|0x0000000706600000, 0x0000000706600000, 0x0000000706800000|  0%| F|  |TAMS 0x0000000706600000, 0x0000000706600000| Untracked 
|  39|0x0000000706800000, 0x0000000706800000, 0x0000000706a00000|  0%| F|  |TAMS 0x0000000706800000, 0x0000000706800000| Untracked 
|  40|0x0000000706a00000, 0x0000000706a00000, 0x0000000706c00000|  0%| F|  |TAMS 0x0000000706a00000, 0x0000000706a00000| Untracked 
|  41|0x0000000706c00000, 0x0000000706c00000, 0x0000000706e00000|  0%| F|  |TAMS 0x0000000706c00000, 0x0000000706c00000| Untracked 
|  42|0x0000000706e00000, 0x0000000706e00000, 0x0000000707000000|  0%| F|  |TAMS 0x0000000706e00000, 0x0000000706e00000| Untracked 
|  43|0x0000000707000000, 0x0000000707000000, 0x0000000707200000|  0%| F|  |TAMS 0x0000000707000000, 0x0000000707000000| Untracked 
|  44|0x0000000707200000, 0x0000000707200000, 0x0000000707400000|  0%| F|  |TAMS 0x0000000707200000, 0x0000000707200000| Untracked 
|  45|0x0000000707400000, 0x0000000707400000, 0x0000000707600000|  0%| F|  |TAMS 0x0000000707400000, 0x0000000707400000| Untracked 
|  46|0x0000000707600000, 0x0000000707600000, 0x0000000707800000|  0%| F|  |TAMS 0x0000000707600000, 0x0000000707600000| Untracked 
|  47|0x0000000707800000, 0x0000000707800000, 0x0000000707a00000|  0%| F|  |TAMS 0x0000000707800000, 0x0000000707800000| Untracked 
|  48|0x0000000707a00000, 0x0000000707a00000, 0x0000000707c00000|  0%| F|  |TAMS 0x0000000707a00000, 0x0000000707a00000| Untracked 
|  49|0x0000000707c00000, 0x0000000707c00000, 0x0000000707e00000|  0%| F|  |TAMS 0x0000000707c00000, 0x0000000707c00000| Untracked 
|  50|0x0000000707e00000, 0x0000000707e00000, 0x0000000708000000|  0%| F|  |TAMS 0x0000000707e00000, 0x0000000707e00000| Untracked 
|  51|0x0000000708000000, 0x0000000708000000, 0x0000000708200000|  0%| F|  |TAMS 0x0000000708000000, 0x0000000708000000| Untracked 
|  52|0x0000000708200000, 0x0000000708200000, 0x0000000708400000|  0%| F|  |TAMS 0x0000000708200000, 0x0000000708200000| Untracked 
|  53|0x0000000708400000, 0x0000000708400000, 0x0000000708600000|  0%| F|  |TAMS 0x0000000708400000, 0x0000000708400000| Untracked 
|  54|0x0000000708600000, 0x0000000708600000, 0x0000000708800000|  0%| F|  |TAMS 0x0000000708600000, 0x0000000708600000| Untracked 
|  55|0x0000000708800000, 0x0000000708800000, 0x0000000708a00000|  0%| F|  |TAMS 0x0000000708800000, 0x0000000708800000| Untracked 
|  56|0x0000000708a00000, 0x0000000708a00000, 0x0000000708c00000|  0%| F|  |TAMS 0x0000000708a00000, 0x0000000708a00000| Untracked 
|  57|0x0000000708c00000, 0x0000000708c00000, 0x0000000708e00000|  0%| F|  |TAMS 0x0000000708c00000, 0x0000000708c00000| Untracked 
|  58|0x0000000708e00000, 0x0000000708e00000, 0x0000000709000000|  0%| F|  |TAMS 0x0000000708e00000, 0x0000000708e00000| Untracked 
|  59|0x0000000709000000, 0x0000000709000000, 0x0000000709200000|  0%| F|  |TAMS 0x0000000709000000, 0x0000000709000000| Untracked 
|  60|0x0000000709200000, 0x0000000709200000, 0x0000000709400000|  0%| F|  |TAMS 0x0000000709200000, 0x0000000709200000| Untracked 
|  61|0x0000000709400000, 0x0000000709400000, 0x0000000709600000|  0%| F|  |TAMS 0x0000000709400000, 0x0000000709400000| Untracked 
|  62|0x0000000709600000, 0x0000000709600000, 0x0000000709800000|  0%| F|  |TAMS 0x0000000709600000, 0x0000000709600000| Untracked 
|  63|0x0000000709800000, 0x0000000709800000, 0x0000000709a00000|  0%| F|  |TAMS 0x0000000709800000, 0x0000000709800000| Untracked 
|  64|0x0000000709a00000, 0x0000000709a00000, 0x0000000709c00000|  0%| F|  |TAMS 0x0000000709a00000, 0x0000000709a00000| Untracked 
|  65|0x0000000709c00000, 0x0000000709c00000, 0x0000000709e00000|  0%| F|  |TAMS 0x0000000709c00000, 0x0000000709c00000| Untracked 
|  66|0x0000000709e00000, 0x0000000709e00000, 0x000000070a000000|  0%| F|  |TAMS 0x0000000709e00000, 0x0000000709e00000| Untracked 
|  67|0x000000070a000000, 0x000000070a000000, 0x000000070a200000|  0%| F|  |TAMS 0x000000070a000000, 0x000000070a000000| Untracked 
|  68|0x000000070a200000, 0x000000070a200000, 0x000000070a400000|  0%| F|  |TAMS 0x000000070a200000, 0x000000070a200000| Untracked 
|  69|0x000000070a400000, 0x000000070a400000, 0x000000070a600000|  0%| F|  |TAMS 0x000000070a400000, 0x000000070a400000| Untracked 
|  70|0x000000070a600000, 0x000000070a600000, 0x000000070a800000|  0%| F|  |TAMS 0x000000070a600000, 0x000000070a600000| Untracked 
|  71|0x000000070a800000, 0x000000070a800000, 0x000000070aa00000|  0%| F|  |TAMS 0x000000070a800000, 0x000000070a800000| Untracked 
|  72|0x000000070aa00000, 0x000000070aa00000, 0x000000070ac00000|  0%| F|  |TAMS 0x000000070aa00000, 0x000000070aa00000| Untracked 
|  73|0x000000070ac00000, 0x000000070ac00000, 0x000000070ae00000|  0%| F|  |TAMS 0x000000070ac00000, 0x000000070ac00000| Untracked 
|  74|0x000000070ae00000, 0x000000070ae00000, 0x000000070b000000|  0%| F|  |TAMS 0x000000070ae00000, 0x000000070ae00000| Untracked 
|  75|0x000000070b000000, 0x000000070b000000, 0x000000070b200000|  0%| F|  |TAMS 0x000000070b000000, 0x000000070b000000| Untracked 
|  76|0x000000070b200000, 0x000000070b200000, 0x000000070b400000|  0%| F|  |TAMS 0x000000070b200000, 0x000000070b200000| Untracked 
|  77|0x000000070b400000, 0x000000070b400000, 0x000000070b600000|  0%| F|  |TAMS 0x000000070b400000, 0x000000070b400000| Untracked 
|  78|0x000000070b600000, 0x000000070b600000, 0x000000070b800000|  0%| F|  |TAMS 0x000000070b600000, 0x000000070b600000| Untracked 
|  79|0x000000070b800000, 0x000000070b800000, 0x000000070ba00000|  0%| F|  |TAMS 0x000000070b800000, 0x000000070b800000| Untracked 
|  80|0x000000070ba00000, 0x000000070ba00000, 0x000000070bc00000|  0%| F|  |TAMS 0x000000070ba00000, 0x000000070ba00000| Untracked 
|  81|0x000000070bc00000, 0x000000070bc00000, 0x000000070be00000|  0%| F|  |TAMS 0x000000070bc00000, 0x000000070bc00000| Untracked 
|  82|0x000000070be00000, 0x000000070be00000, 0x000000070c000000|  0%| F|  |TAMS 0x000000070be00000, 0x000000070be00000| Untracked 
|  83|0x000000070c000000, 0x000000070c000000, 0x000000070c200000|  0%| F|  |TAMS 0x000000070c000000, 0x000000070c000000| Untracked 
|  84|0x000000070c200000, 0x000000070c200000, 0x000000070c400000|  0%| F|  |TAMS 0x000000070c200000, 0x000000070c200000| Untracked 
|  85|0x000000070c400000, 0x000000070c400000, 0x000000070c600000|  0%| F|  |TAMS 0x000000070c400000, 0x000000070c400000| Untracked 
|  86|0x000000070c600000, 0x000000070c600000, 0x000000070c800000|  0%| F|  |TAMS 0x000000070c600000, 0x000000070c600000| Untracked 
|  87|0x000000070c800000, 0x000000070c800000, 0x000000070ca00000|  0%| F|  |TAMS 0x000000070c800000, 0x000000070c800000| Untracked 
|  88|0x000000070ca00000, 0x000000070ca00000, 0x000000070cc00000|  0%| F|  |TAMS 0x000000070ca00000, 0x000000070ca00000| Untracked 
|  89|0x000000070cc00000, 0x000000070cc00000, 0x000000070ce00000|  0%| F|  |TAMS 0x000000070cc00000, 0x000000070cc00000| Untracked 
|  90|0x000000070ce00000, 0x000000070ce00000, 0x000000070d000000|  0%| F|  |TAMS 0x000000070ce00000, 0x000000070ce00000| Untracked 
|  91|0x000000070d000000, 0x000000070d000000, 0x000000070d200000|  0%| F|  |TAMS 0x000000070d000000, 0x000000070d000000| Untracked 
|  92|0x000000070d200000, 0x000000070d200000, 0x000000070d400000|  0%| F|  |TAMS 0x000000070d200000, 0x000000070d200000| Untracked 
|  93|0x000000070d400000, 0x000000070d400000, 0x000000070d600000|  0%| F|  |TAMS 0x000000070d400000, 0x000000070d400000| Untracked 
|  94|0x000000070d600000, 0x000000070d600000, 0x000000070d800000|  0%| F|  |TAMS 0x000000070d600000, 0x000000070d600000| Untracked 
|  95|0x000000070d800000, 0x000000070d800000, 0x000000070da00000|  0%| F|  |TAMS 0x000000070d800000, 0x000000070d800000| Untracked 
|  96|0x000000070da00000, 0x000000070da00000, 0x000000070dc00000|  0%| F|  |TAMS 0x000000070da00000, 0x000000070da00000| Untracked 
|  97|0x000000070dc00000, 0x000000070dc00000, 0x000000070de00000|  0%| F|  |TAMS 0x000000070dc00000, 0x000000070dc00000| Untracked 
|  98|0x000000070de00000, 0x000000070de00000, 0x000000070e000000|  0%| F|  |TAMS 0x000000070de00000, 0x000000070de00000| Untracked 
|  99|0x000000070e000000, 0x000000070e000000, 0x000000070e200000|  0%| F|  |TAMS 0x000000070e000000, 0x000000070e000000| Untracked 
| 100|0x000000070e200000, 0x000000070e200000, 0x000000070e400000|  0%| F|  |TAMS 0x000000070e200000, 0x000000070e200000| Untracked 
| 101|0x000000070e400000, 0x000000070e400000, 0x000000070e600000|  0%| F|  |TAMS 0x000000070e400000, 0x000000070e400000| Untracked 
| 102|0x000000070e600000, 0x000000070e600000, 0x000000070e800000|  0%| F|  |TAMS 0x000000070e600000, 0x000000070e600000| Untracked 
| 103|0x000000070e800000, 0x000000070e800000, 0x000000070ea00000|  0%| F|  |TAMS 0x000000070e800000, 0x000000070e800000| Untracked 
| 104|0x000000070ea00000, 0x000000070ea00000, 0x000000070ec00000|  0%| F|  |TAMS 0x000000070ea00000, 0x000000070ea00000| Untracked 
| 105|0x000000070ec00000, 0x000000070ee00000, 0x000000070ee00000|100%| S|CS|TAMS 0x000000070ec00000, 0x000000070ec00000| Complete 
| 106|0x000000070ee00000, 0x000000070f000000, 0x000000070f000000|100%| S|CS|TAMS 0x000000070ee00000, 0x000000070ee00000| Complete 
| 107|0x000000070f000000, 0x000000070f200000, 0x000000070f200000|100%| S|CS|TAMS 0x000000070f000000, 0x000000070f000000| Complete 
| 108|0x000000070f200000, 0x000000070f200000, 0x000000070f400000|  0%| F|  |TAMS 0x000000070f200000, 0x000000070f200000| Untracked 
| 109|0x000000070f400000, 0x000000070f400000, 0x000000070f600000|  0%| F|  |TAMS 0x000000070f400000, 0x000000070f400000| Untracked 
| 110|0x000000070f600000, 0x000000070f600000, 0x000000070f800000|  0%| F|  |TAMS 0x000000070f600000, 0x000000070f600000| Untracked 
| 111|0x000000070f800000, 0x000000070f800000, 0x000000070fa00000|  0%| F|  |TAMS 0x000000070f800000, 0x000000070f800000| Untracked 
| 112|0x000000070fa00000, 0x000000070fa00000, 0x000000070fc00000|  0%| F|  |TAMS 0x000000070fa00000, 0x000000070fa00000| Untracked 
| 113|0x000000070fc00000, 0x000000070fc00000, 0x000000070fe00000|  0%| F|  |TAMS 0x000000070fc00000, 0x000000070fc00000| Untracked 
| 114|0x000000070fe00000, 0x000000070fe00000, 0x0000000710000000|  0%| F|  |TAMS 0x000000070fe00000, 0x000000070fe00000| Untracked 
| 115|0x0000000710000000, 0x00000007100bb660, 0x0000000710200000| 36%| E|  |TAMS 0x0000000710000000, 0x0000000710000000| Complete 
| 116|0x0000000710200000, 0x0000000710400000, 0x0000000710400000|100%| E|CS|TAMS 0x0000000710200000, 0x0000000710200000| Complete 
| 117|0x0000000710400000, 0x0000000710600000, 0x0000000710600000|100%| E|CS|TAMS 0x0000000710400000, 0x0000000710400000| Complete 
| 118|0x0000000710600000, 0x0000000710800000, 0x0000000710800000|100%| E|CS|TAMS 0x0000000710600000, 0x0000000710600000| Complete 
| 119|0x0000000710800000, 0x0000000710a00000, 0x0000000710a00000|100%| E|CS|TAMS 0x0000000710800000, 0x0000000710800000| Complete 
| 120|0x0000000710a00000, 0x0000000710c00000, 0x0000000710c00000|100%| E|CS|TAMS 0x0000000710a00000, 0x0000000710a00000| Complete 
| 121|0x0000000710c00000, 0x0000000710e00000, 0x0000000710e00000|100%| E|CS|TAMS 0x0000000710c00000, 0x0000000710c00000| Complete 
| 122|0x0000000710e00000, 0x0000000711000000, 0x0000000711000000|100%| E|CS|TAMS 0x0000000710e00000, 0x0000000710e00000| Complete 
| 123|0x0000000711000000, 0x0000000711200000, 0x0000000711200000|100%| E|CS|TAMS 0x0000000711000000, 0x0000000711000000| Complete 
| 124|0x0000000711200000, 0x0000000711400000, 0x0000000711400000|100%| E|CS|TAMS 0x0000000711200000, 0x0000000711200000| Complete 
| 125|0x0000000711400000, 0x0000000711600000, 0x0000000711600000|100%| E|CS|TAMS 0x0000000711400000, 0x0000000711400000| Complete 
| 126|0x0000000711600000, 0x0000000711800000, 0x0000000711800000|100%| E|CS|TAMS 0x0000000711600000, 0x0000000711600000| Complete 
| 127|0x0000000711800000, 0x0000000711a00000, 0x0000000711a00000|100%| E|CS|TAMS 0x0000000711800000, 0x0000000711800000| Complete 

Card table byte_map: [0x0000025e17e90000,0x0000025e18690000] _byte_map_base: 0x0000025e14683000

Marking Bits (Prev, Next): (CMBitMap*) 0x0000025e79add7f0, (CMBitMap*) 0x0000025e79add830
 Prev Bits: [0x0000025e18e90000, 0x0000025e1ce28000)
 Next Bits: [0x0000025e1ce30000, 0x0000025e20dc8000)

Polling page: 0x0000025e00000000

Metaspace:

Usage:
  Non-class:     14.16 MB used.
      Class:      2.12 MB used.
       Both:     16.28 MB used.

Virtual space:
  Non-class space:       16.00 MB reserved,      14.25 MB ( 89%) committed,  2 nodes.
      Class space:        1.00 GB reserved,       2.25 MB ( <1%) committed,  1 nodes.
              Both:        1.02 GB reserved,      16.50 MB (  2%) committed. 

Chunk freelists:
   Non-Class:  1.50 MB
       Class:  1.74 MB
        Both:  3.24 MB

MaxMetaspaceSize: 17179869184.00 GB
CompressedClassSpaceSize: 1.00 GB
 - commit_granule_bytes: 65536.
 - commit_granule_words: 8192.
 - virtual_space_node_default_size: 1048576.
 - enlarge_chunks_in_place: 1.
 - new_chunks_are_fully_committed: 0.
 - uncommit_free_chunks: 1.
 - use_allocation_guard: 0.
 - handle_deallocations: 1.


Internal statistics:

num_allocs_failed_limit: 0.
num_arena_births: 238.
num_arena_deaths: 0.
num_vsnodes_births: 3.
num_vsnodes_deaths: 0.
num_space_committed: 264.
num_space_uncommitted: 0.
num_chunks_returned_to_freelist: 0.
num_chunks_taken_from_freelist: 778.
num_chunk_merges: 0.
num_chunk_splits: 521.
num_chunks_enlarged: 386.
num_purges: 0.

CodeHeap 'non-profiled nmethods': size=119168Kb used=1634Kb max_used=1634Kb free=117533Kb
 bounds [0x0000025e0f260000, 0x0000025e0f4d0000, 0x0000025e166c0000]
CodeHeap 'profiled nmethods': size=119104Kb used=7831Kb max_used=7831Kb free=111272Kb
 bounds [0x0000025e07e10000, 0x0000025e085c0000, 0x0000025e0f260000]
CodeHeap 'non-nmethods': size=7488Kb used=1451Kb max_used=3206Kb free=6036Kb
 bounds [0x0000025e076c0000, 0x0000025e079f0000, 0x0000025e07e10000]
 total_blobs=4650 nmethods=3839 adapters=723
 compilation: enabled
              stopped_count=0, restarted_count=0
 full_count=0

Compilation events (20 events):
Event: 36.555 Thread 0x0000025e23e6de10 nmethod 3832 0x0000025e0f3f5110 code [0x0000025e0f3f52a0, 0x0000025e0f3f55d8]
Event: 36.555 Thread 0x0000025e23e6de10 3833       4       com.sun.prism.d3d.D3DRTTexture::isMSAA (25 bytes)
Event: 36.555 Thread 0x0000025e23e6de10 nmethod 3833 0x0000025e0f3f5810 code [0x0000025e0f3f59a0, 0x0000025e0f3f5a98]
Event: 37.007 Thread 0x0000025e23e6e900 3834       3       javafx.scene.Scene$ClickGenerator::preProcess (348 bytes)
Event: 37.010 Thread 0x0000025e23e6e900 nmethod 3834 0x0000025e085b2410 code [0x0000025e085b2860, 0x0000025e085b4ff8]
Event: 37.391 Thread 0x0000025e23e6de10 3835       4       com.sun.javafx.util.TempState::getInstance (10 bytes)
Event: 37.392 Thread 0x0000025e23e6e900 3836       3       java.util.concurrent.atomic.AtomicInteger::getAndIncrement (12 bytes)
Event: 37.392 Thread 0x0000025e23e6e900 nmethod 3836 0x0000025e085b5910 code [0x0000025e085b5aa0, 0x0000025e085b5bb8]
Event: 37.393 Thread 0x0000025e23e6de10 nmethod 3835 0x0000025e0f3f5c10 code [0x0000025e0f3f5dc0, 0x0000025e0f3f5f38]
Event: 50.708 Thread 0x0000025e23e6de10 3837   !   4       com.sun.javafx.tk.quantum.GlassViewEventHandler$MouseEventNotification::run (703 bytes)
Event: 50.727 Thread 0x0000025e23e6de10 nmethod 3837 0x0000025e0f3f6110 code [0x0000025e0f3f6300, 0x0000025e0f3f6bf8]
Event: 50.727 Thread 0x0000025e23e6de10 3838       4       com.sun.javafx.tk.quantum.GlassViewEventHandler::mouseEventType (102 bytes)
Event: 50.728 Thread 0x0000025e23e6de10 nmethod 3838 0x0000025e0f3f7690 code [0x0000025e0f3f7820, 0x0000025e0f3f7918]
Event: 50.729 Thread 0x0000025e23e6de10 3839       4       javafx.scene.Scene$ScenePeerListener::mouseEvent (54 bytes)
Event: 50.733 Thread 0x0000025e23e6de10 nmethod 3839 0x0000025e0f3f7990 code [0x0000025e0f3f7b40, 0x0000025e0f3f7df8]
Event: 86.290 Thread 0x0000025e23e6de10 3840       4       com.sun.javafx.tk.quantum.QuantumToolkit::postPulse (133 bytes)
Event: 86.295 Thread 0x0000025e23e6de10 nmethod 3840 0x0000025e0f3f8010 code [0x0000025e0f3f81a0, 0x0000025e0f3f8318]
Event: 86.450 Thread 0x0000025e23e6de10 3841       4       com.sun.javafx.tk.quantum.QuantumToolkit$$Lambda$81/0x0000000800c38220::run (8 bytes)
Event: 86.455 Thread 0x0000025e23e6de10 nmethod 3841 0x0000025e0f3f8490 code [0x0000025e0f3f8620, 0x0000025e0f3f8798]
Event: 276.720 Thread 0x0000025e23e6e900 3842       3       java.lang.invoke.MethodHandles$Lookup::getDirectConstructorCommon (69 bytes)

GC Heap History (4 events):
Event: 0.469 GC heap before
{Heap before GC invocations=0 (full 0):
 garbage-first heap   total 262144K, used 20480K [0x0000000701a00000, 0x0000000800000000)
  region size 2048K, 11 young (22528K), 0 survivors (0K)
 Metaspace       used 5056K, committed 5184K, reserved 1056768K
  class space    used 580K, committed 640K, reserved 1048576K
}
Event: 0.473 GC heap after
{Heap after GC invocations=1 (full 0):
 garbage-first heap   total 262144K, used 2821K [0x0000000701a00000, 0x0000000800000000)
  region size 2048K, 2 young (4096K), 2 survivors (4096K)
 Metaspace       used 5056K, committed 5184K, reserved 1056768K
  class space    used 580K, committed 640K, reserved 1048576K
}
Event: 1.057 GC heap before
{Heap before GC invocations=1 (full 0):
 garbage-first heap   total 262144K, used 41733K [0x0000000701a00000, 0x0000000800000000)
  region size 2048K, 20 young (40960K), 2 survivors (4096K)
 Metaspace       used 14674K, committed 14912K, reserved 1064960K
  class space    used 2103K, committed 2240K, reserved 1048576K
}
Event: 1.061 GC heap after
{Heap after GC invocations=2 (full 0):
 garbage-first heap   total 262144K, used 9226K [0x0000000701a00000, 0x0000000800000000)
  region size 2048K, 3 young (6144K), 3 survivors (6144K)
 Metaspace       used 14674K, committed 14912K, reserved 1064960K
  class space    used 2103K, committed 2240K, reserved 1048576K
}

Deoptimization events (20 events):
Event: 6.328 Thread 0x0000025e2547f0d0 Uncommon trap: trap_request=0xffffffde fr.pc=0x0000025e0f34bd44 relative=0x0000000000000504
Event: 6.328 Thread 0x0000025e2547f0d0 Uncommon trap: reason=class_check action=maybe_recompile pc=0x0000025e0f34bd44 method=javafx.scene.Node.getLocalBounds(Lcom/sun/javafx/geom/BaseBounds;Lcom/sun/javafx/geom/transform/BaseTransform;)Lcom/sun/javafx/geom/BaseBounds; @ 22 c2
Event: 6.329 Thread 0x0000025e2547f0d0 DEOPT PACKING pc=0x0000025e0f34bd44 sp=0x000000b3504f85f0
Event: 6.329 Thread 0x0000025e2547f0d0 DEOPT UNPACKING pc=0x0000025e0770d72e sp=0x000000b3504f85a0 mode 2
Event: 6.329 Thread 0x0000025e2547f0d0 Uncommon trap: trap_request=0xffffffde fr.pc=0x0000025e0f34bd44 relative=0x0000000000000504
Event: 6.329 Thread 0x0000025e2547f0d0 Uncommon trap: reason=class_check action=maybe_recompile pc=0x0000025e0f34bd44 method=javafx.scene.Node.getLocalBounds(Lcom/sun/javafx/geom/BaseBounds;Lcom/sun/javafx/geom/transform/BaseTransform;)Lcom/sun/javafx/geom/BaseBounds; @ 22 c2
Event: 6.329 Thread 0x0000025e2547f0d0 DEOPT PACKING pc=0x0000025e0f34bd44 sp=0x000000b3504f86e0
Event: 6.329 Thread 0x0000025e2547f0d0 DEOPT UNPACKING pc=0x0000025e0770d72e sp=0x000000b3504f8690 mode 2
Event: 18.048 Thread 0x0000025e2547f0d0 Uncommon trap: trap_request=0xffffff45 fr.pc=0x0000025e0f37f098 relative=0x00000000000000f8
Event: 18.048 Thread 0x0000025e2547f0d0 Uncommon trap: reason=unstable_if action=reinterpret pc=0x0000025e0f37f098 method=java.lang.Double.compare(DD)I @ 11 c2
Event: 18.048 Thread 0x0000025e2547f0d0 DEOPT PACKING pc=0x0000025e0f37f098 sp=0x000000b3504f7530
Event: 18.048 Thread 0x0000025e2547f0d0 DEOPT UNPACKING pc=0x0000025e0770d72e sp=0x000000b3504f74b0 mode 2
Event: 35.521 Thread 0x0000025e2547f0d0 Uncommon trap: trap_request=0xffffff45 fr.pc=0x0000025e0f39b68c relative=0x0000000000000d8c
Event: 35.521 Thread 0x0000025e2547f0d0 Uncommon trap: reason=unstable_if action=reinterpret pc=0x0000025e0f39b68c method=javafx.scene.Scene$ClickCounter.stopTimeout()V @ 4 c2
Event: 35.521 Thread 0x0000025e2547f0d0 DEOPT PACKING pc=0x0000025e0f39b68c sp=0x000000b3504f36d0
Event: 35.522 Thread 0x0000025e2547f0d0 DEOPT UNPACKING pc=0x0000025e0770d72e sp=0x000000b3504f35a0 mode 2
Event: 37.392 Thread 0x0000025e2547f0d0 Uncommon trap: trap_request=0xffffff45 fr.pc=0x0000025e0f34988c relative=0x00000000000000ec
Event: 37.392 Thread 0x0000025e2547f0d0 Uncommon trap: reason=unstable_if action=reinterpret pc=0x0000025e0f34988c method=java.lang.ThreadLocal$ThreadLocalMap.getEntry(Ljava/lang/ThreadLocal;)Ljava/lang/ThreadLocal$ThreadLocalMap$Entry; @ 29 c2
Event: 37.392 Thread 0x0000025e2547f0d0 DEOPT PACKING pc=0x0000025e0f34988c sp=0x000000b3504f26d0
Event: 37.392 Thread 0x0000025e2547f0d0 DEOPT UNPACKING pc=0x0000025e0770d72e sp=0x000000b3504f25e8 mode 2

Classes unloaded (0 events):
No events

Classes redefined (0 events):
No events

Internal exceptions (20 events):
Event: 0.525 Thread 0x0000025e2547f0d0 Exception <a 'sun/nio/fs/WindowsException'{0x00000007112d9f40}> (0x00000007112d9f40) 
thrown [t:\workspace\open\src\hotspot\share\prims\jni.cpp, line 579]
Event: 0.536 Thread 0x0000025e2547f0d0 Exception <a 'sun/nio/fs/WindowsException'{0x0000000711363610}> (0x0000000711363610) 
thrown [t:\workspace\open\src\hotspot\share\prims\jni.cpp, line 579]
Event: 0.540 Thread 0x0000025e2547f0d0 Exception <a 'java/lang/ClassNotFoundException'{0x000000071137c2d0}: sun/util/logging/resources/spi/loggingProvider> (0x000000071137c2d0) 
thrown [t:\workspace\open\src\hotspot\share\classfile\systemDictionary.cpp, line 256]
Event: 0.617 Thread 0x0000025e2547f0d0 Exception <a 'java/lang/NoSuchMethodError'{0x0000000710b1a700}: 'void java.lang.invoke.DirectMethodHandle$Holder.invokeStaticInit(java.lang.Object, java.lang.Object)'> (0x0000000710b1a700) 
thrown [t:\workspace\open\src\hotspot\share\interpreter\linkResolver.cpp, line 790]
Event: 0.656 Thread 0x0000025e2547f0d0 Implicit null exception at 0x0000025e0f2cf78d to 0x0000025e0f2cfb20
Event: 0.733 Thread 0x0000025e2547f0d0 Exception <a 'java/lang/ClassNotFoundException'{0x000000070fc406e8}: com/sun/javafx/scene/control/skin/resources/controls> (0x000000070fc406e8) 
thrown [t:\workspace\open\src\hotspot\share\prims\jni.cpp, line 600]
Event: 0.734 Thread 0x0000025e2547f0d0 Exception <a 'java/lang/ClassNotFoundException'{0x000000070fc4e1e8}: com/sun/javafx/scene/control/skin/resources/controls_ru> (0x000000070fc4e1e8) 
thrown [t:\workspace\open\src\hotspot\share\prims\jni.cpp, line 600]
Event: 0.734 Thread 0x0000025e2547f0d0 Exception <a 'java/lang/ClassNotFoundException'{0x000000070fc4f218}: com/sun/javafx/scene/control/skin/resources/controls_ru_RU> (0x000000070fc4f218) 
thrown [t:\workspace\open\src\hotspot\share\prims\jni.cpp, line 600]
Event: 0.754 Thread 0x0000025e2547f0d0 Exception <a 'java/lang/NoSuchMethodError'{0x000000070fa1d040}: 'void java.lang.invoke.DirectMethodHandle$Holder.invokeSpecial(java.lang.Object, java.lang.Object, java.lang.Object, java.lang.Object, java.lang.Object, java.lang.Object)'> (0x000000070fa1d040) 
thrown [t:\workspace\open\src\hotspot\share\interpreter\linkResolver.cpp, line 790]
Event: 0.781 Thread 0x0000025e2547f0d0 Exception <a 'java/lang/NoSuchMethodError'{0x000000070f998c08}: 'java.lang.Object java.lang.invoke.DirectMethodHandle$Holder.invokeInterface(java.lang.Object, java.lang.Object, java.lang.Object)'> (0x000000070f998c08) 
thrown [t:\workspace\open\src\hotspot\share\interpreter\linkResolver.cpp, line 790]
Event: 0.781 Thread 0x0000025e2547f0d0 Exception <a 'java/lang/IncompatibleClassChangeError'{0x000000070f99c788}: Found class java.lang.Object, but interface was expected> (0x000000070f99c788) 
thrown [t:\workspace\open\src\hotspot\share\interpreter\linkResolver.cpp, line 857]
Event: 0.814 Thread 0x0000025e2547f0d0 Exception <a 'java/lang/NoSuchMethodError'{0x000000070f785270}: 'java.lang.Object java.lang.invoke.DirectMethodHandle$Holder.newInvokeSpecial(java.lang.Object, java.lang.Object, int)'> (0x000000070f785270) 
thrown [t:\workspace\open\src\hotspot\share\interpreter\linkResolver.cpp, line 790]
Event: 0.825 Thread 0x0000025e25072c80 Exception <a 'java/lang/NoSuchMethodError'{0x000000070f41bad0}: 'int java.lang.invoke.DirectMethodHandle$Holder.invokeStaticInit(java.lang.Object, java.lang.Object)'> (0x000000070f41bad0) 
thrown [t:\workspace\open\src\hotspot\share\interpreter\linkResolver.cpp, line 790]
Event: 0.835 Thread 0x0000025e2547f0d0 Exception <a 'java/lang/NoSuchMethodError'{0x000000070f4971c0}: 'long java.lang.invoke.DirectMethodHandle$Holder.invokeStatic(java.lang.Object, java.lang.Object, java.lang.Object)'> (0x000000070f4971c0) 
thrown [t:\workspace\open\src\hotspot\share\interpreter\linkResolver.cpp, line 790]
Event: 0.835 Thread 0x0000025e2547f0d0 Exception <a 'java/lang/NoSuchMethodError'{0x000000070f49ab70}: 'long java.lang.invoke.DirectMethodHandle$Holder.invokeStaticInit(java.lang.Object, java.lang.Object, java.lang.Object)'> (0x000000070f49ab70) 
thrown [t:\workspace\open\src\hotspot\share\interpreter\linkResolver.cpp, line 790]
Event: 0.837 Thread 0x0000025e2547f0d0 Exception <a 'java/lang/NoSuchMethodError'{0x000000070f4b2a90}: 'java.lang.Object java.lang.invoke.DirectMethodHandle$Holder.newInvokeSpecial(java.lang.Object, java.lang.Object, long)'> (0x000000070f4b2a90) 
thrown [t:\workspace\open\src\hotspot\share\interpreter\linkResolver.cpp, line 790]
Event: 0.837 Thread 0x0000025e2547f0d0 Exception <a 'java/lang/NoSuchMethodError'{0x000000070f4b6800}: 'java.lang.Object java.lang.invoke.Invokers$Holder.linkToTargetMethod(java.lang.Object, long, java.lang.Object)'> (0x000000070f4b6800) 
thrown [t:\workspace\open\src\hotspot\share\interpreter\linkResolver.cpp, line 790]
Event: 13.555 Thread 0x0000025e2547f0d0 Exception <a 'java/lang/NoSuchMethodError'{0x0000000710eac938}: 'java.lang.Object java.lang.invoke.DirectMethodHandle$Holder.newInvokeSpecial(java.lang.Object, java.lang.Object, int, int, int, int, int, java.lang.Object)'> (0x0000000710eac938) 
thrown [t:\workspace\open\src\hotspot\share\interpreter\linkResolver.cpp, line 790]
Event: 13.559 Thread 0x0000025e2547f0d0 Exception <a 'java/lang/NoSuchMethodError'{0x0000000710ec0d98}: 'java.lang.Object java.lang.invoke.DirectMethodHandle$Holder.newInvokeSpecial(java.lang.Object, java.lang.Object, java.lang.Object, int, int, int, int, int)'> (0x0000000710ec0d98) 
thrown [t:\workspace\open\src\hotspot\share\interpreter\linkResolver.cpp, line 790]
Event: 13.560 Thread 0x0000025e2547f0d0 Exception <a 'java/lang/NoSuchMethodError'{0x0000000710ec93a8}: 'java.lang.Object java.lang.invoke.Invokers$Holder.linkToTargetMethod(java.lang.Object, java.lang.Object, int, int, int, int, int, java.lang.Object)'> (0x0000000710ec93a8) 
thrown [t:\workspace\open\src\hotspot\share\interpreter\linkResolver.cpp, line 790]

Events (20 events):
Event: 34.783 Executing  VM operation: Cleanup done
Event: 35.161 Thread 0x0000025e25fd5eb0 Thread exited: 0x0000025e25fd5eb0
Event: 35.161 Thread 0x0000025e25cb4be0 Thread exited: 0x0000025e25cb4be0
Event: 35.783 Executing  VM operation: Cleanup
Event: 35.783 Executing  VM operation: Cleanup done
Event: 36.784 Executing  VM operation: Cleanup
Event: 36.784 Executing  VM operation: Cleanup done
Event: 37.784 Executing  VM operation: Cleanup
Event: 37.784 Executing  VM operation: Cleanup done
Event: 61.795 Executing  VM operation: Cleanup
Event: 61.795 Executing  VM operation: Cleanup done
Event: 276.719 loading class jdk/internal/misc/Signal$1
Event: 276.719 loading class jdk/internal/misc/Signal$1 done
Event: 276.719 Thread 0x0000025e24cd8500 Thread added: 0x0000025e24cd8500
Event: 276.720 Thread 0x0000025e24cddf50 Thread added: 0x0000025e24cddf50
Event: 276.720 Thread 0x0000025e24cd9a40 Thread added: 0x0000025e24cd9a40
Event: 276.720 Thread 0x0000025e24cd9a40 Thread exited: 0x0000025e24cd9a40
Event: 276.721 Thread 0x0000025e24cddf50 Thread exited: 0x0000025e24cddf50
Event: 276.721 Executing  VM operation: Exit
Event: 276.721 Thread 0x0000025e23e62900 Thread exited: 0x0000025e23e62900


Dynamic libraries:
0x00007ff605670000 - 0x00007ff605680000 	D:\Program Files\Java\jdk-16.0.2\bin\java.exe
0x00007ff8b0dd0000 - 0x00007ff8b0fc5000 	C:\Windows\SYSTEM32\ntdll.dll
0x00007ff8b0040000 - 0x00007ff8b00fe000 	C:\Windows\System32\KERNEL32.DLL
0x00007ff8ae850000 - 0x00007ff8aeb18000 	C:\Windows\System32\KERNELBASE.dll
0x00007ff8ae600000 - 0x00007ff8ae700000 	C:\Windows\System32\ucrtbase.dll
0x00007ff8a36a0000 - 0x00007ff8a36b8000 	D:\Program Files\Java\jdk-16.0.2\bin\jli.dll
0x00007ff8af6f0000 - 0x00007ff8af79e000 	C:\Windows\System32\ADVAPI32.dll
0x00007ff8a36c0000 - 0x00007ff8a36d9000 	D:\Program Files\Java\jdk-16.0.2\bin\VCRUNTIME140.dll
0x00007ff8af270000 - 0x00007ff8af30e000 	C:\Windows\System32\msvcrt.dll
0x00007ff8af1d0000 - 0x00007ff8af26c000 	C:\Windows\System32\sechost.dll
0x00007ff8af370000 - 0x00007ff8af495000 	C:\Windows\System32\RPCRT4.dll
0x00007ff8aeeb0000 - 0x00007ff8af050000 	C:\Windows\System32\USER32.dll
0x00007ff8ae700000 - 0x00007ff8ae722000 	C:\Windows\System32\win32u.dll
0x00007ff8a1f90000 - 0x00007ff8a222a000 	C:\Windows\WinSxS\amd64_microsoft.windows.common-controls_6595b64144ccf1df_6.0.19041.1110_none_60b5254171f9507e\COMCTL32.dll
0x00007ff8af830000 - 0x00007ff8af85a000 	C:\Windows\System32\GDI32.dll
0x00007ff8ae4c0000 - 0x00007ff8ae5cb000 	C:\Windows\System32\gdi32full.dll
0x00007ff8aeb20000 - 0x00007ff8aebbd000 	C:\Windows\System32\msvcp_win.dll
0x00007ff8a7820000 - 0x00007ff8a782a000 	C:\Windows\SYSTEM32\VERSION.dll
0x00007ff8afa70000 - 0x00007ff8afaa0000 	C:\Windows\System32\IMM32.DLL
0x00007ff8abd50000 - 0x00007ff8abd5c000 	D:\Program Files\Java\jdk-16.0.2\bin\vcruntime140_1.dll
0x00007ff860130000 - 0x00007ff8601c1000 	D:\Program Files\Java\jdk-16.0.2\bin\msvcp140.dll
0x00007ff83fed0000 - 0x00007ff840a7b000 	D:\Program Files\Java\jdk-16.0.2\bin\server\jvm.dll
0x00007ff8af4a0000 - 0x00007ff8af4a8000 	C:\Windows\System32\PSAPI.DLL
0x00007ff8a2a40000 - 0x00007ff8a2a67000 	C:\Windows\SYSTEM32\WINMM.dll
0x00007ff8a8b00000 - 0x00007ff8a8b09000 	C:\Windows\SYSTEM32\WSOCK32.dll
0x00007ff8af560000 - 0x00007ff8af5cb000 	C:\Windows\System32\WS2_32.dll
0x00007ff8ac400000 - 0x00007ff8ac412000 	C:\Windows\SYSTEM32\kernel.appcore.dll
0x00007ff8a8b30000 - 0x00007ff8a8b3a000 	D:\Program Files\Java\jdk-16.0.2\bin\jimage.dll
0x00007ff8a6c50000 - 0x00007ff8a6e34000 	C:\Windows\SYSTEM32\DBGHELP.DLL
0x00007ff8a6c20000 - 0x00007ff8a6c4c000 	C:\Windows\SYSTEM32\dbgcore.DLL
0x00007ff8aed70000 - 0x00007ff8aedf2000 	C:\Windows\System32\bcryptPrimitives.dll
0x00007ff8a7f00000 - 0x00007ff8a7f0e000 	D:\Program Files\Java\jdk-16.0.2\bin\instrument.dll
0x00007ff897030000 - 0x00007ff897055000 	D:\Program Files\Java\jdk-16.0.2\bin\java.dll
0x00007ff8b0100000 - 0x00007ff8b0844000 	C:\Windows\System32\SHELL32.dll
0x00007ff8ac600000 - 0x00007ff8acd94000 	C:\Windows\SYSTEM32\windows.storage.dll
0x00007ff8b0850000 - 0x00007ff8b0ba4000 	C:\Windows\System32\combase.dll
0x00007ff8adf30000 - 0x00007ff8adf5c000 	C:\Windows\SYSTEM32\Wldp.dll
0x00007ff8af630000 - 0x00007ff8af6dd000 	C:\Windows\System32\SHCORE.dll
0x00007ff8afb70000 - 0x00007ff8afbc5000 	C:\Windows\System32\shlwapi.dll
0x00007ff8ae400000 - 0x00007ff8ae41f000 	C:\Windows\SYSTEM32\profapi.dll
0x00007ff8a1430000 - 0x00007ff8a1449000 	D:\Program Files\Java\jdk-16.0.2\bin\net.dll
0x00007ff8a52e0000 - 0x00007ff8a53ea000 	C:\Windows\SYSTEM32\WINHTTP.dll
0x00007ff8adc90000 - 0x00007ff8adcfa000 	C:\Windows\system32\mswsock.dll
0x00007ff897090000 - 0x00007ff8970a3000 	D:\Program Files\Java\jdk-16.0.2\bin\nio.dll
0x00007ff897010000 - 0x00007ff897028000 	D:\Program Files\Java\jdk-16.0.2\bin\zip.dll
0x00007ff896f10000 - 0x00007ff896f2a000 	D:\IntelliJ IDEA Community Edition 2021.2.3\bin\breakgen64.dll
0x0000025e23fa0000 - 0x0000025e23fa3000 	C:\Users\Кирилл\.openjfx\cache\16\api-ms-win-core-console-l1-1-0.dll
0x0000025e23fb0000 - 0x0000025e23fb3000 	C:\Users\Кирилл\.openjfx\cache\16\api-ms-win-core-console-l1-2-0.dll
0x0000025e23fc0000 - 0x0000025e23fc3000 	C:\Users\Кирилл\.openjfx\cache\16\api-ms-win-core-datetime-l1-1-0.dll
0x0000025e23fd0000 - 0x0000025e23fd3000 	C:\Users\Кирилл\.openjfx\cache\16\api-ms-win-core-debug-l1-1-0.dll
0x0000025e23fe0000 - 0x0000025e23fe3000 	C:\Users\Кирилл\.openjfx\cache\16\api-ms-win-core-errorhandling-l1-1-0.dll
0x0000025e23ff0000 - 0x0000025e23ff4000 	C:\Users\Кирилл\.openjfx\cache\16\api-ms-win-core-file-l1-1-0.dll
0x0000025e263d0000 - 0x0000025e263d3000 	C:\Users\Кирилл\.openjfx\cache\16\api-ms-win-core-file-l1-2-0.dll
0x0000025e263e0000 - 0x0000025e263e3000 	C:\Users\Кирилл\.openjfx\cache\16\api-ms-win-core-file-l2-1-0.dll
0x0000025e263f0000 - 0x0000025e263f3000 	C:\Users\Кирилл\.openjfx\cache\16\api-ms-win-core-handle-l1-1-0.dll
0x0000025e26400000 - 0x0000025e26403000 	C:\Users\Кирилл\.openjfx\cache\16\api-ms-win-core-heap-l1-1-0.dll
0x0000025e26410000 - 0x0000025e26413000 	C:\Users\Кирилл\.openjfx\cache\16\api-ms-win-core-interlocked-l1-1-0.dll
0x0000025e26420000 - 0x0000025e26423000 	C:\Users\Кирилл\.openjfx\cache\16\api-ms-win-core-libraryloader-l1-1-0.dll
0x0000025e26430000 - 0x0000025e26433000 	C:\Users\Кирилл\.openjfx\cache\16\api-ms-win-core-localization-l1-2-0.dll
0x0000025e26440000 - 0x0000025e26443000 	C:\Users\Кирилл\.openjfx\cache\16\api-ms-win-core-memory-l1-1-0.dll
0x0000025e26450000 - 0x0000025e26453000 	C:\Users\Кирилл\.openjfx\cache\16\api-ms-win-core-namedpipe-l1-1-0.dll
0x0000025e26460000 - 0x0000025e26463000 	C:\Users\Кирилл\.openjfx\cache\16\api-ms-win-core-processenvironment-l1-1-0.dll
0x0000025e26470000 - 0x0000025e26473000 	C:\Users\Кирилл\.openjfx\cache\16\api-ms-win-core-processthreads-l1-1-0.dll
0x0000025e26480000 - 0x0000025e26483000 	C:\Users\Кирилл\.openjfx\cache\16\api-ms-win-core-processthreads-l1-1-1.dll
0x0000025e26490000 - 0x0000025e26493000 	C:\Users\Кирилл\.openjfx\cache\16\api-ms-win-core-profile-l1-1-0.dll
0x0000025e264a0000 - 0x0000025e264a3000 	C:\Users\Кирилл\.openjfx\cache\16\api-ms-win-core-rtlsupport-l1-1-0.dll
0x0000025e264b0000 - 0x0000025e264b3000 	C:\Users\Кирилл\.openjfx\cache\16\api-ms-win-core-string-l1-1-0.dll
0x0000025e264c0000 - 0x0000025e264c3000 	C:\Users\Кирилл\.openjfx\cache\16\api-ms-win-core-synch-l1-1-0.dll
0x0000025e264d0000 - 0x0000025e264d3000 	C:\Users\Кирилл\.openjfx\cache\16\api-ms-win-core-synch-l1-2-0.dll
0x0000025e264e0000 - 0x0000025e264e3000 	C:\Users\Кирилл\.openjfx\cache\16\api-ms-win-core-sysinfo-l1-1-0.dll
0x0000025e264f0000 - 0x0000025e264f3000 	C:\Users\Кирилл\.openjfx\cache\16\api-ms-win-core-timezone-l1-1-0.dll
0x0000025e26500000 - 0x0000025e26503000 	C:\Users\Кирилл\.openjfx\cache\16\api-ms-win-core-util-l1-1-0.dll
0x0000025e26510000 - 0x0000025e26513000 	C:\Users\Кирилл\.openjfx\cache\16\api-ms-win-crt-conio-l1-1-0.dll
0x0000025e26520000 - 0x0000025e26524000 	C:\Users\Кирилл\.openjfx\cache\16\api-ms-win-crt-convert-l1-1-0.dll
0x0000025e26530000 - 0x0000025e26533000 	C:\Users\Кирилл\.openjfx\cache\16\api-ms-win-crt-environment-l1-1-0.dll
0x0000025e26540000 - 0x0000025e26543000 	C:\Users\Кирилл\.openjfx\cache\16\api-ms-win-crt-filesystem-l1-1-0.dll
0x0000025e26550000 - 0x0000025e26553000 	C:\Users\Кирилл\.openjfx\cache\16\api-ms-win-crt-heap-l1-1-0.dll
0x0000025e26560000 - 0x0000025e26563000 	C:\Users\Кирилл\.openjfx\cache\16\api-ms-win-crt-locale-l1-1-0.dll
0x0000025e26570000 - 0x0000025e26575000 	C:\Users\Кирилл\.openjfx\cache\16\api-ms-win-crt-math-l1-1-0.dll
0x0000025e26580000 - 0x0000025e26585000 	C:\Users\Кирилл\.openjfx\cache\16\api-ms-win-crt-multibyte-l1-1-0.dll
0x0000025e26590000 - 0x0000025e265a0000 	C:\Users\Кирилл\.openjfx\cache\16\api-ms-win-crt-private-l1-1-0.dll
0x0000025e265a0000 - 0x0000025e265a3000 	C:\Users\Кирилл\.openjfx\cache\16\api-ms-win-crt-process-l1-1-0.dll
0x0000025e265b0000 - 0x0000025e265b4000 	C:\Users\Кирилл\.openjfx\cache\16\api-ms-win-crt-runtime-l1-1-0.dll
0x0000025e265c0000 - 0x0000025e265c4000 	C:\Users\Кирилл\.openjfx\cache\16\api-ms-win-crt-stdio-l1-1-0.dll
0x0000025e265d0000 - 0x0000025e265d4000 	C:\Users\Кирилл\.openjfx\cache\16\api-ms-win-crt-string-l1-1-0.dll
0x0000025e265e0000 - 0x0000025e265e3000 	C:\Users\Кирилл\.openjfx\cache\16\api-ms-win-crt-time-l1-1-0.dll
0x0000025e265f0000 - 0x0000025e265f3000 	C:\Users\Кирилл\.openjfx\cache\16\api-ms-win-crt-utility-l1-1-0.dll
0x00007ff83fa00000 - 0x00007ff83fafc000 	C:\Users\Кирилл\.openjfx\cache\16\ucrtbase.dll
0x00007ff88b360000 - 0x00007ff88b379000 	C:\Users\Кирилл\.openjfx\cache\16\vcruntime140.dll
0x00007ff89ea50000 - 0x00007ff89ea5c000 	C:\Users\Кирилл\.openjfx\cache\16\vcruntime140_1.dll
0x00007ff85ffb0000 - 0x00007ff860041000 	C:\Users\Кирилл\.openjfx\cache\16\msvcp140.dll
0x00007ff874440000 - 0x00007ff874467000 	C:\Users\Кирилл\.openjfx\cache\16\prism_d3d.dll
0x00007ff88f280000 - 0x00007ff88f44f000 	C:\Windows\system32\d3d9.dll
0x00007ff8ac220000 - 0x00007ff8ac24f000 	C:\Windows\SYSTEM32\dwmapi.dll
0x00007ff8abf00000 - 0x00007ff8abf9e000 	C:\Windows\system32\uxtheme.dll
0x00007ff8a3a40000 - 0x00007ff8a3b45000 	C:\Windows\System32\DriverStore\FileRepository\nv_dispi.inf_amd64_751ea61dbc270f80\nvldumdx.dll
0x00007ff8ae0b0000 - 0x00007ff8ae0c2000 	C:\Windows\SYSTEM32\msasn1.dll
0x00007ff8a76f0000 - 0x00007ff8a7721000 	C:\Windows\SYSTEM32\cryptnet.dll
0x00007ff8aebc0000 - 0x00007ff8aed16000 	C:\Windows\System32\CRYPT32.dll
0x00007ff8adea0000 - 0x00007ff8adeac000 	C:\Windows\SYSTEM32\cryptbase.dll
0x00007ff8ae7e0000 - 0x00007ff8ae848000 	C:\Windows\System32\WINTRUST.DLL
0x00007ff8aee00000 - 0x00007ff8aee1d000 	C:\Windows\System32\imagehlp.dll
0x00007ff8ade80000 - 0x00007ff8ade98000 	C:\Windows\SYSTEM32\CRYPTSP.dll
0x00007ff8ad540000 - 0x00007ff8ad574000 	C:\Windows\system32\rsaenh.dll
0x00007ff8ae5d0000 - 0x00007ff8ae5f7000 	C:\Windows\System32\bcrypt.dll
0x00007ff83ac90000 - 0x00007ff83c8da000 	C:\Windows\System32\DriverStore\FileRepository\nv_dispi.inf_amd64_751ea61dbc270f80\nvd3dumx.dll
0x00007ff8602e0000 - 0x00007ff860322000 	C:\Users\Кирилл\.openjfx\cache\16\glass.dll
0x00007ff8af990000 - 0x00007ff8afa6b000 	C:\Windows\System32\COMDLG32.dll
0x00007ff8af860000 - 0x00007ff8af98a000 	C:\Windows\System32\ole32.dll
0x00007ff8afaa0000 - 0x00007ff8afb6d000 	C:\Windows\System32\OLEAUT32.dll
0x00007ff86f4a0000 - 0x00007ff86f5d1000 	C:\ProgramData\A-Volute\A-Volute.Nahimic\Modules\Scheduled\x64\AudioDevProps2.dll
0x00007ff8af050000 - 0x00007ff8af165000 	C:\Windows\System32\MSCTF.dll
0x00007ff8acdb0000 - 0x00007ff8acdd3000 	C:\Windows\SYSTEM32\gpapi.dll
0x00007ff8a4330000 - 0x00007ff8a436b000 	C:\Windows\SYSTEM32\dxcore.dll
0x00007ff8aed20000 - 0x00007ff8aed6e000 	C:\Windows\System32\cfgmgr32.dll
0x00007ff883b20000 - 0x00007ff883b34000 	C:\Users\Кирилл\.openjfx\cache\16\javafx_font.dll
0x00007ff8908a0000 - 0x00007ff890b1f000 	C:\Windows\SYSTEM32\dwrite.dll
0x00007ff8af4b0000 - 0x00007ff8af559000 	C:\Windows\System32\clbcatq.dll
0x00007ff8a8860000 - 0x00007ff8a8a14000 	C:\Windows\SYSTEM32\WindowsCodecs.dll
0x00007ff889900000 - 0x00007ff88993e000 	C:\Windows\system32\dataexchange.dll
0x00007ff8aa1a0000 - 0x00007ff8aa404000 	C:\Windows\system32\d3d11.dll
0x00007ff8ab000000 - 0x00007ff8ab1e5000 	C:\Windows\system32\dcomp.dll
0x00007ff8acde0000 - 0x00007ff8aced3000 	C:\Windows\system32\dxgi.dll
0x00007ff8a8d20000 - 0x00007ff8a8f21000 	C:\Windows\system32\twinapi.appcore.dll
0x00007ff85eef0000 - 0x00007ff85ef24000 	C:\Program Files\Common Files\Microsoft Shared\Ink\rtscom.dll
0x00007ff892220000 - 0x00007ff892319000 	C:\Windows\SYSTEM32\textinputframework.dll
0x00007ff8ab8f0000 - 0x00007ff8ab9e2000 	C:\Windows\System32\CoreMessaging.dll
0x00007ff8ab590000 - 0x00007ff8ab8ee000 	C:\Windows\System32\CoreUIComponents.dll

dbghelp: loaded successfully - version: 4.0.5 - missing functions: none
symbol engine: initialized successfully - sym options: 0x614 - pdb path: .;D:\Program Files\Java\jdk-16.0.2\bin;C:\Windows\SYSTEM32;C:\Windows\WinSxS\amd64_microsoft.windows.common-controls_6595b64144ccf1df_6.0.19041.1110_none_60b5254171f9507e;D:\Program Files\Java\jdk-16.0.2\bin\server;D:\IntelliJ IDEA Community Edition 2021.2.3\bin;C:\Users\Кирилл\.openjfx\cache\16;C:\Windows\System32\DriverStore\FileRepository\nv_dispi.inf_amd64_751ea61dbc270f80;C:\ProgramData\A-Volute\A-Volute.Nahimic\Modules\Scheduled\x64;C:\Program Files\Common Files\Microsoft Shared\Ink

VM Arguments:
jvm_args: -javaagent:D:\IntelliJ IDEA Community Edition 2021.2.3\lib\idea_rt.jar=65094:D:\IntelliJ IDEA Community Edition 2021.2.3\bin -Dfile.encoding=UTF-8 --module-path=C:\Users\Кирилл\.m2\repository\org\openjfx\javafx-controls\16\javafx-controls-16-win.jar;C:\Users\Кирилл\demo1\target\classes;C:\Users\Кирилл\.m2\repository\org\openjfx\javafx-base\16\javafx-base-16-win.jar;C:\Users\Кирилл\.m2\repository\org\openjfx\javafx-graphics\16\javafx-graphics-16-win.jar;C:\Users\Кирилл\.m2\repository\org\openjfx\javafx-fxml\16\javafx-fxml-16-win.jar -Djdk.module.main=com.example.demo1 
java_command: com.example.demo1/com.example.demo1.HelloApplication
java_class_path (initial): C:\Users\Кирилл\.m2\repository\org\openjfx\javafx-controls\16\javafx-controls-16.jar;C:\Users\Кирилл\.m2\repository\org\openjfx\javafx-graphics\16\javafx-graphics-16.jar;C:\Users\Кирилл\.m2\repository\org\openjfx\javafx-base\16\javafx-base-16.jar;C:\Users\Кирилл\.m2\repository\org\openjfx\javafx-fxml\16\javafx-fxml-16.jar;C:\Users\Кирилл\.m2\repository\mysql\mysql-connector-java\8.0.28\mysql-connector-java-8.0.28.jar;C:\Users\Кирилл\.m2\repository\com\google\protobuf\protobuf-java\3.11.4\protobuf-java-3.11.4.jar
Launcher Type: SUN_STANDARD

[Global flags]
     intx CICompilerCount                          = 12                                        {product} {ergonomic}
     uint ConcGCThreads                            = 3                                         {product} {ergonomic}
     uint G1ConcRefinementThreads                  = 13                                        {product} {ergonomic}
   size_t G1HeapRegionSize                         = 2097152                                   {product} {ergonomic}
    uintx GCDrainStackTargetSize                   = 64                                        {product} {ergonomic}
   size_t InitialHeapSize                          = 268435456                                 {product} {ergonomic}
   size_t MarkStackSize                            = 4194304                                   {product} {ergonomic}
   size_t MaxHeapSize                              = 4267704320                                {product} {ergonomic}
   size_t MaxNewSize                               = 2560622592                                {product} {ergonomic}
   size_t MinHeapDeltaBytes                        = 2097152                                   {product} {ergonomic}
   size_t MinHeapSize                              = 8388608                                   {product} {ergonomic}
    uintx NonNMethodCodeHeapSize                   = 7602480                                {pd product} {ergonomic}
    uintx NonProfiledCodeHeapSize                  = 122027880                              {pd product} {ergonomic}
    uintx ProfiledCodeHeapSize                     = 122027880                              {pd product} {ergonomic}
    uintx ReservedCodeCacheSize                    = 251658240                              {pd product} {ergonomic}
     bool SegmentedCodeCache                       = true                                      {product} {ergonomic}
   size_t SoftMaxHeapSize                          = 4267704320                             {manageable} {ergonomic}
     bool UseCompressedClassPointers               = true                           {product lp64_product} {ergonomic}
     bool UseCompressedOops                        = true                           {product lp64_product} {ergonomic}
     bool UseG1GC                                  = true                                      {product} {ergonomic}
     bool UseLargePagesIndividualAllocation        = false                                  {pd product} {ergonomic}

Logging:
Log output configuration:
 #0: stdout all=off uptime,level,tags
 #1: stderr all=off uptime,level,tags

Environment Variables:
PATH=C:\Program Files\Common Files\Oracle\Java\javapath;C:\Program Files (x86)\Common Files\Oracle\Java\javapath;C:\Windows\system32;C:\Windows;C:\Windows\System32\Wbem;C:\Windows\System32\WindowsPowerShell\v1.0\;C:\Windows\System32\OpenSSH\;C:\Program Files (x86)\NVIDIA Corporation\PhysX\Common;C:\Program Files\Git\cmd;C:\Program Files\MySQL\MySQL Shell 8.0\bin\;C:\Users\Кирилл\AppData\Local\Microsoft\WindowsApps;;D:\IntelliJ IDEA Community Edition 2021.2.3\bin;
USERNAME=Кирилл
OS=Windows_NT
PROCESSOR_IDENTIFIER=Intel64 Family 6 Model 165 Stepping 5, GenuineIntel



---------------  S Y S T E M  ---------------

OS:
 Windows 10 , 64 bit Build 19041 (10.0.19041.1645)
OS uptime: 3 days 17:03 hours

CPU: total 16 (initial active 16) (8 cores per cpu, 2 threads per core) family 6 model 165 stepping 5 microcode 0xca, cx8, cmov, fxsr, ht, mmx, 3dnowpref, sse, sse2, sse3, ssse3, sse4.1, sse4.2, popcnt, lzcnt, tsc, tscinvbit, avx, avx2, aes, erms, clmul, bmi1, bmi2, adx, fma, vzeroupper, clflush, clflushopt

Memory: 4k page, system-wide physical 16273M (8140M free)
TotalPageFile size 27025M (AvailPageFile size 12173M)
current process WorkingSet (physical memory assigned to process): 141M, peak: 173M
current process commit charge ("private bytes"): 476M, peak: 760M

vm_info: Java HotSpot(TM) 64-Bit Server VM (16.0.2+7-67) for windows-amd64 JRE (16.0.2+7-67), built on Jun  8 2021 23:24:19 by "mach5one" with MS VC++ 16.7 (VS2019)

END.
